# JRE version: Java(TM) SE Runtime Environment (17.0.12+8) (build 17.0.12+8-LTS-286)
# Java VM: Java HotSpot(TM) 64-Bit Server VM (17.0.12+8-LTS-286, mixed mode, sharing, tiered, compressed oops, compressed class ptrs, g1 gc, windows-amd64)
GC Precious Log:
 CPUs: 4 total, 4 available
 Memory: 7914M
 Large Page Support: Disabled
 NUMA Support: Disabled
 Compressed Oops: Enabled (32-bit)
 Heap Region Size: 1M
 Heap Min Capacity: 8M
 Heap Initial Capacity: 124M
 Heap Max Capacity: 1980M
 Pre-touch: Disabled
 Parallel Workers: 4
 Concurrent Workers: 1
 Concurrent Refinement Workers: 4
 Periodic GC: Disabled
Heap:
 garbage-first heap   total 51200K, used 35995K [0x0000000084400000, 0x0000000100000000)
  region size 1024K, 9 young (9216K), 1 survivors (1024K)
 Metaspace       used 53106K, committed 53568K, reserved 1114112K
  class space    used 7029K, committed 7232K, reserved 1048576K
GC Heap History (20 events):
Event: 9.713 GC heap before
{Heap before GC invocations=10 (full 0):
 garbage-first heap   total 48128K, used 36325K [0x0000000084400000, 0x0000000100000000)
  region size 1024K, 20 young (20480K), 3 survivors (3072K)
 Metaspace       used 33516K, committed 33856K, reserved 1114112K
  class space    used 4375K, committed 4544K, reserved 1048576K
}
Event: 9.721 GC heap after
{Heap after GC invocations=11 (full 0):
 garbage-first heap   total 48128K, used 20434K [0x0000000084400000, 0x0000000100000000)
  region size 1024K, 2 young (2048K), 2 survivors (2048K)
 Metaspace       used 33516K, committed 33856K, reserved 1114112K
  class space    used 4375K, committed 4544K, reserved 1048576K
}
Event: 11.028 GC heap before
{Heap before GC invocations=11 (full 0):
 garbage-first heap   total 48128K, used 33746K [0x0000000084400000, 0x0000000100000000)
  region size 1024K, 16 young (16384K), 2 survivors (2048K)
 Metaspace       used 35675K, committed 35968K, reserved 1114112K
  class space    used 4713K, committed 4864K, reserved 1048576K
}
Event: 11.035 GC heap after
{Heap after GC invocations=12 (full 0):
 garbage-first heap   total 48128K, used 21090K [0x0000000084400000, 0x0000000100000000)
  region size 1024K, 3 young (3072K), 3 survivors (3072K)
 Metaspace       used 35675K, committed 35968K, reserved 1114112K
  class space    used 4713K, committed 4864K, reserved 1048576K
}
Event: 12.351 GC heap before
{Heap before GC invocations=13 (full 0):
 garbage-first heap   total 48128K, used 36450K [0x0000000084400000, 0x0000000100000000)
  region size 1024K, 18 young (18432K), 3 survivors (3072K)
 Metaspace       used 37056K, committed 37504K, reserved 1114112K
  class space    used 4892K, committed 5120K, reserved 1048576K
}
Event: 12.359 GC heap after
{Heap after GC invocations=14 (full 0):
 garbage-first heap   total 48128K, used 22238K [0x0000000084400000, 0x0000000100000000)
  region size 1024K, 2 young (2048K), 2 survivors (2048K)
 Metaspace       used 37056K, committed 37504K, reserved 1114112K
  class space    used 4892K, committed 5120K, reserved 1048576K
}
Event: 13.705 GC heap before
{Heap before GC invocations=14 (full 0):
 garbage-first heap   total 48128K, used 37598K [0x0000000084400000, 0x0000000100000000)
  region size 1024K, 17 young (17408K), 2 survivors (2048K)
 Metaspace       used 38968K, committed 39360K, reserved 1114112K
  class space    used 5169K, committed 5376K, reserved 1048576K
}
Event: 13.713 GC heap after
{Heap after GC invocations=15 (full 0):
 garbage-first heap   total 48128K, used 23696K [0x0000000084400000, 0x0000000100000000)
  region size 1024K, 3 young (3072K), 3 survivors (3072K)
 Metaspace       used 38968K, committed 39360K, reserved 1114112K
  class space    used 5169K, committed 5376K, reserved 1048576K
}
Event: 14.766 GC heap before
{Heap before GC invocations=15 (full 0):
 garbage-first heap   total 48128K, used 38032K [0x0000000084400000, 0x0000000100000000)
  region size 1024K, 17 young (17408K), 3 survivors (3072K)
 Metaspace       used 43489K, committed 43840K, reserved 1114112K
  class space    used 5725K, committed 5888K, reserved 1048576K
}
Event: 14.775 GC heap after
{Heap after GC invocations=16 (full 0):
 garbage-first heap   total 48128K, used 25756K [0x0000000084400000, 0x0000000100000000)
  region size 1024K, 3 young (3072K), 3 survivors (3072K)
 Metaspace       used 43489K, committed 43840K, reserved 1114112K
  class space    used 5725K, committed 5888K, reserved 1048576K
}
Event: 15.204 GC heap before
{Heap before GC invocations=16 (full 0):
 garbage-first heap   total 48128K, used 37020K [0x0000000084400000, 0x0000000100000000)
  region size 1024K, 14 young (14336K), 3 survivors (3072K)
 Metaspace       used 45496K, committed 45952K, reserved 1114112K
  class space    used 6014K, committed 6208K, reserved 1048576K
}
Event: 15.215 GC heap after
{Heap after GC invocations=17 (full 0):
 garbage-first heap   total 48128K, used 27911K [0x0000000084400000, 0x0000000100000000)
  region size 1024K, 2 young (2048K), 2 survivors (2048K)
 Metaspace       used 45496K, committed 45952K, reserved 1114112K
  class space    used 6014K, committed 6208K, reserved 1048576K
}
Event: 15.641 GC heap before
{Heap before GC invocations=18 (full 0):
 garbage-first heap   total 50176K, used 37127K [0x0000000084400000, 0x0000000100000000)
  region size 1024K, 11 young (11264K), 2 survivors (2048K)
 Metaspace       used 47375K, committed 47808K, reserved 1114112K
  class space    used 6270K, committed 6464K, reserved 1048576K
}
Event: 15.647 GC heap after
{Heap after GC invocations=19 (full 0):
 garbage-first heap   total 50176K, used 28433K [0x0000000084400000, 0x0000000100000000)
  region size 1024K, 1 young (1024K), 1 survivors (1024K)
 Metaspace       used 47375K, committed 47808K, reserved 1114112K
  class space    used 6270K, committed 6464K, reserved 1048576K
}
Event: 199.883 GC heap before
{Heap before GC invocations=19 (full 0):
 garbage-first heap   total 50176K, used 39697K [0x0000000084400000, 0x0000000100000000)
  region size 1024K, 12 young (12288K), 1 survivors (1024K)
 Metaspace       used 49038K, committed 49536K, reserved 1114112K
  class space    used 6474K, committed 6720K, reserved 1048576K
}
Event: 199.941 GC heap after
{Heap after GC invocations=20 (full 0):
 garbage-first heap   total 50176K, used 29011K [0x0000000084400000, 0x0000000100000000)
  region size 1024K, 2 young (2048K), 2 survivors (2048K)
 Metaspace       used 49038K, committed 49536K, reserved 1114112K
  class space    used 6474K, committed 6720K, reserved 1048576K
}
Event: 202.668 GC heap before
{Heap before GC invocations=21 (full 0):
 garbage-first heap   total 51200K, used 39251K [0x0000000084400000, 0x0000000100000000)
  region size 1024K, 13 young (13312K), 2 survivors (2048K)
 Metaspace       used 50903K, committed 51328K, reserved 1114112K
  class space    used 6723K, committed 6912K, reserved 1048576K
}
Event: 202.681 GC heap after
{Heap after GC invocations=22 (full 0):
 garbage-first heap   total 51200K, used 30175K [0x0000000084400000, 0x0000000100000000)
  region size 1024K, 2 young (2048K), 2 survivors (2048K)
 Metaspace       used 50903K, committed 51328K, reserved 1114112K
  class space    used 6723K, committed 6912K, reserved 1048576K
}
Event: 202.972 GC heap before
{Heap before GC invocations=22 (full 0):
 garbage-first heap   total 51200K, used 31199K [0x0000000084400000, 0x0000000100000000)
  region size 1024K, 3 young (3072K), 2 survivors (2048K)
 Metaspace       used 51128K, committed 51584K, reserved 1114112K
  class space    used 6761K, committed 6976K, reserved 1048576K
}
Event: 202.988 GC heap after
{Heap after GC invocations=23 (full 0):
 garbage-first heap   total 51200K, used 29851K [0x0000000084400000, 0x0000000100000000)
  region size 1024K, 1 young (1024K), 1 survivors (1024K)
 Metaspace       used 51128K, committed 51584K, reserved 1114112K
  class space    used 6761K, committed 6976K, reserved 1048576K
}

